TN:
SF:database/config/config.js
FNF:0
FNH:0
DA:1,4
LF:1
LH:1
BRF:0
BRH:0
end_of_record
TN:
SF:src/controllers/auth.js
FN:3,(anonymous_0)
FN:13,(anonymous_1)
FNF:2
FNH:2
FNDA:2,(anonymous_0)
FNDA:2,(anonymous_1)
DA:1,1
DA:3,1
DA:4,2
DA:5,2
DA:6,2
DA:7,1
DA:9,1
DA:13,1
DA:14,2
DA:15,2
DA:16,2
DA:17,1
DA:19,1
DA:23,1
LF:14
LH:14
BRF:0
BRH:0
end_of_record
TN:
SF:src/controllers/users.js
FN:3,(anonymous_0)
FNF:1
FNH:1
FNDA:2,(anonymous_0)
DA:1,1
DA:3,1
DA:4,2
DA:5,2
DA:6,2
DA:7,1
DA:10,1
DA:14,1
LF:8
LH:8
BRF:0
BRH:0
end_of_record
TN:
SF:src/middlewares/schemaValidation.js
FN:4,(anonymous_0)
FN:4,(anonymous_1)
FN:24,(anonymous_2)
FN:24,(anonymous_3)
FNF:4
FNH:4
FNDA:3,(anonymous_0)
FNDA:3,(anonymous_1)
FNDA:3,(anonymous_2)
FNDA:3,(anonymous_3)
DA:1,1
DA:2,1
DA:4,3
DA:5,3
DA:6,3
DA:8,3
DA:10,2
DA:11,1
DA:13,1
DA:16,2
DA:17,1
DA:20,1
DA:24,3
DA:25,3
DA:26,3
DA:27,2
DA:28,1
DA:30,1
DA:31,1
DA:34,2
DA:35,1
DA:38,1
DA:45,1
LF:23
LH:23
BRDA:10,0,0,1
BRDA:10,0,1,1
BRDA:16,1,0,1
BRDA:16,1,1,1
BRDA:27,2,0,1
BRDA:27,2,1,1
BRDA:34,3,0,1
BRDA:34,3,1,1
BRF:8
BRH:8
end_of_record
TN:
SF:src/models/index.js
FN:21,(anonymous_0)
FN:27,(anonymous_1)
FN:32,(anonymous_2)
FNF:3
FNH:3
FNDA:8,(anonymous_0)
FNDA:4,(anonymous_1)
FNDA:4,(anonymous_2)
DA:1,4
DA:2,4
DA:3,4
DA:4,4
DA:6,4
DA:7,4
DA:8,4
DA:10,4
DA:13,4
DA:14,0
DA:16,4
DA:19,4
DA:22,8
DA:28,4
DA:29,4
DA:32,4
DA:33,4
DA:34,4
DA:38,4
DA:39,4
DA:41,4
LF:21
LH:20
BRDA:7,0,0,4
BRDA:7,0,1,0
BRDA:13,1,0,0
BRDA:13,1,1,4
BRDA:22,2,0,8
BRDA:22,2,1,8
BRDA:22,2,2,4
BRDA:22,2,3,4
BRDA:33,3,0,4
BRDA:33,3,1,0
BRF:10
BRH:7
end_of_record
TN:
SF:src/models/user.js
FN:6,(anonymous_0)
FN:8,(anonymous_1)
FN:17,(anonymous_2)
FN:29,(anonymous_3)
FNF:4
FNH:2
FNDA:4,(anonymous_0)
FNDA:0,(anonymous_1)
FNDA:4,(anonymous_2)
FNDA:0,(anonymous_3)
DA:1,4
DA:4,4
DA:6,4
DA:9,0
DA:21,4
DA:30,0
DA:34,4
LF:7
LH:5
BRF:0
BRH:0
end_of_record
TN:
SF:src/schemas/auth.schema.js
FNF:0
FNH:0
DA:1,1
DA:3,1
LF:2
LH:2
BRF:0
BRH:0
end_of_record
TN:
SF:src/services/auth.js
FN:7,(anonymous_0)
FN:23,(anonymous_1)
FNF:2
FNH:2
FNDA:3,(anonymous_0)
FNDA:2,(anonymous_1)
DA:1,2
DA:2,2
DA:3,2
DA:4,2
DA:7,2
DA:8,3
DA:9,3
DA:10,1
DA:12,2
DA:13,1
DA:15,1
DA:16,1
DA:17,1
DA:18,1
DA:21,1
DA:23,2
DA:24,2
DA:25,2
DA:26,2
DA:27,1
DA:29,1
DA:30,1
DA:33,2
LF:23
LH:23
BRDA:9,0,0,1
BRDA:9,0,1,2
BRDA:12,1,0,1
BRDA:12,1,1,1
BRDA:26,2,0,1
BRDA:26,2,1,1
BRF:6
BRH:6
end_of_record
TN:
SF:src/services/users.js
FN:4,(anonymous_0)
FNF:1
FNH:1
FNDA:2,(anonymous_0)
DA:1,2
DA:2,2
DA:4,2
DA:5,2
DA:6,2
DA:7,1
DA:10,1
DA:15,2
LF:8
LH:8
BRF:0
BRH:0
end_of_record
TN:
SF:src/utils/redisUtils.js
FN:11,(anonymous_0)
FN:15,getRedisClient
FN:23,disconnectRedis
FN:32,(anonymous_3)
FNF:4
FNH:0
FNDA:0,(anonymous_0)
FNDA:0,getRedisClient
FNDA:0,disconnectRedis
FNDA:0,(anonymous_3)
DA:1,2
DA:3,2
DA:9,2
DA:11,2
DA:12,0
DA:16,0
DA:17,0
DA:18,0
DA:20,0
DA:24,0
DA:25,0
DA:30,2
DA:31,2
DA:32,10
DA:33,0
DA:34,0
DA:38,2
LF:17
LH:8
BRDA:16,0,0,0
BRDA:16,0,1,0
BRDA:24,1,0,0
BRDA:24,1,1,0
BRF:4
BRH:0
end_of_record
TN:
SF:src/utils/errors/HTTPError.js
FN:2,(anonymous_0)
FNF:1
FNH:1
FNDA:6,(anonymous_0)
DA:3,6
DA:4,6
DA:5,6
DA:9,5
LF:4
LH:4
BRF:0
BRH:0
end_of_record
